app/build/intermediates/manifest_merge_blame_file/debug/manifest-merger-blame-debug-report.txt
1<?xml version="1.0" encoding="utf-8"?>
2<manifest xmlns:android="http://schemas.android.com/apk/res/android"
3    package="com.example.layout_again"
4    android:versionCode="1"
5    android:versionName="1.0" >
6
7    <uses-sdk
8        android:minSdkVersion="16"
8-->src/main/AndroidManifest.xml
9        android:targetSdkVersion="30" />
9-->src/main/AndroidManifest.xml
10
11    <application
11-->src/main/AndroidManifest.xml:5:5-21:19
12        android:allowBackup="true"
12-->src/main/AndroidManifest.xml:6:9-35
13        android:appComponentFactory="androidx.core.app.CoreComponentFactory"
13-->[androidx.core:core:1.6.0-beta02] AndroidManifest.xml:24:18-86
14        android:debuggable="true"
15        android:icon="@mipmap/ic_launcher"
15-->src/main/AndroidManifest.xml:7:9-43
16        android:label="@string/app_name"
16-->src/main/AndroidManifest.xml:8:9-41
17        android:roundIcon="@mipmap/ic_launcher_round"
17-->src/main/AndroidManifest.xml:9:9-54
18        android:supportsRtl="true"
18-->src/main/AndroidManifest.xml:10:9-35
19        android:testOnly="true"
20        android:theme="@style/Theme.Layout_Again" >
20-->src/main/AndroidManifest.xml:11:9-50
21        <activity android:name="com.example.layout_again.ui.view.CustomNameActivity" />
21-->src/main/AndroidManifest.xml:12:9-97
21-->src/main/AndroidManifest.xml:12:19-85
22        <activity android:name="com.example.layout_again.Item_Add" />
22-->src/main/AndroidManifest.xml:13:9-46
22-->src/main/AndroidManifest.xml:13:19-43
23        <activity android:name="com.example.layout_again.ui.view.MainActivity" >
23-->src/main/AndroidManifest.xml:14:9-20:20
23-->src/main/AndroidManifest.xml:14:19-79
24            <intent-filter>
24-->src/main/AndroidManifest.xml:15:13-19:29
25                <action android:name="android.intent.action.MAIN" />
25-->src/main/AndroidManifest.xml:16:17-69
25-->src/main/AndroidManifest.xml:16:25-66
26
27                <category android:name="android.intent.category.LAUNCHER" />
27-->src/main/AndroidManifest.xml:18:17-77
27-->src/main/AndroidManifest.xml:18:27-74
28            </intent-filter>
29        </activity>
30
31        <provider
31-->[androidx.emoji2:emoji2:1.0.0-alpha02] AndroidManifest.xml:26:9-34:20
32            android:name="androidx.startup.InitializationProvider"
32-->[androidx.emoji2:emoji2:1.0.0-alpha02] AndroidManifest.xml:27:13-67
33            android:authorities="com.example.layout_again.androidx-startup"
33-->[androidx.emoji2:emoji2:1.0.0-alpha02] AndroidManifest.xml:28:13-68
34            android:exported="false" >
34-->[androidx.emoji2:emoji2:1.0.0-alpha02] AndroidManifest.xml:29:13-37
35            <meta-data
35-->[androidx.emoji2:emoji2:1.0.0-alpha02] AndroidManifest.xml:31:13-33:52
36                android:name="androidx.emoji2.text.EmojiCompatInitializer"
36-->[androidx.emoji2:emoji2:1.0.0-alpha02] AndroidManifest.xml:32:17-75
37                android:value="androidx.startup" />
37-->[androidx.emoji2:emoji2:1.0.0-alpha02] AndroidManifest.xml:33:17-49
38        </provider>
39        <provider
39-->[androidx.lifecycle:lifecycle-process:2.2.0] AndroidManifest.xml:25:9-29:43
40            android:name="androidx.lifecycle.ProcessLifecycleOwnerInitializer"
40-->[androidx.lifecycle:lifecycle-process:2.2.0] AndroidManifest.xml:26:13-79
41            android:authorities="com.example.layout_again.lifecycle-process"
41-->[androidx.lifecycle:lifecycle-process:2.2.0] AndroidManifest.xml:27:13-69
42            android:exported="false"
42-->[androidx.lifecycle:lifecycle-process:2.2.0] AndroidManifest.xml:28:13-37
43            android:multiprocess="true" />
43-->[androidx.lifecycle:lifecycle-process:2.2.0] AndroidManifest.xml:29:13-40
44    </application>
45
46</manifest>